[LOG] System::create                           : Header version = 2.02.25. Current version = 2.02.25.
[LOG] Manager::init                            : maxchannels = 256 studioflags = 00000006 flags 00000000 extradriverdata 0000000000000000.
[LOG] SystemI::init                            : Initialize version=20225 (147536), maxchannels=256, flags=0x00020000
[LOG] SystemI::setOutputInternal               : Setting output to 'FMOD WASAPI Output'
[LOG] OutputWASAPI::init                       : Mix Format (WAVEFORMATEX): wFormatTag=0xFFFE, nChannels=2, nSamplesPerSec=48000, nAvgBytesPerSec=384000, nBlockAlign=8, wBitsPerSample=32, cbSize=22.
[LOG] OutputWASAPI::init                       : Mix Format (WAVEFORMATEXTENSIBLE): wValidBitsPerSample=32, dwChannelMask=0x00000003, SubFormat=00000003-0000-0010-8000-00AA00389B71.
[LOG] OutputWASAPI::init                       : Output buffer size: 4096 samples, latency: 0.00ms, period: 10.00ms, DSP buffer: 1024 * 4
[LOG] Thread::initThread                       : Init FMOD stream thread. Affinity: 0x4000000000000003, Priority: 0xFFFF7FFB, Stack Size: 98304, Semaphore: No, Sleep Time: 10, Looping: Yes.
[LOG] Thread::initThread                       : Init FMOD mixer thread. Affinity: 0x4000000000000001, Priority: 0xFFFF7FFA, Stack Size: 81920, Semaphore: No, Sleep Time: 0, Looping: Yes.
[LOG] AsyncManager::init                       : manager 000001A35175ED58 isAsync 0 updatePeriod 0.02
[LOG] AsyncManager::init                       : done
[LOG] PlaybackSystem::init                     : 
[LOG] Thread::initThread                       : Init FMOD Studio sample load thread. Affinity: 0x4000000000000003, Priority: 0xFFFF7FFD, Stack Size: 98304, Semaphore: No, Sleep Time: 1, Looping: No.
[LOG] PlaybackSystem::init                     : done
[LOG] Thread::initThread                       : Init FMOD Studio bank load thread. Affinity: 0x4000000000000003, Priority: 0xFFFF7FFD, Stack Size: 98304, Semaphore: No, Sleep Time: 1, Looping: No.
[LOG] Manager::init                            : done.
[LOG] Manager::readBank                        : fileversion = 142, compatVersion = 140 (oldest = 44, newest = 142)
[LOG] Manager::readBank                        : fileversion = 142, compatVersion = 140 (oldest = 44, newest = 142)
[LOG] PlaybackSystem::acquireMasterBus         : Setting master channel group format to 6
[LOG] Manager::readBank                        : fileversion = 142, compatVersion = 140 (oldest = 44, newest = 142)
[LOG] Manager::readBank                        : fileversion = 142, compatVersion = 140 (oldest = 44, newest = 142)
[LOG] Manager::readBank                        : fileversion = 142, compatVersion = 140 (oldest = 44, newest = 142)
[LOG] Manager::readBank                        : fileversion = 142, compatVersion = 140 (oldest = 44, newest = 142)
[LOG] Manager::readBank                        : fileversion = 142, compatVersion = 140 (oldest = 44, newest = 142)
[LOG] SystemI::createSoundInternal             : Create name='', mode=0x02000202
[LOG] SystemI::createSoundInternal             : exinfo->cbsize             = 224
[LOG] SystemI::createSoundInternal             : exinfo->length             = 8332224
[LOG] SystemI::createSoundInternal             : exinfo->fileoffset         = 21280
[LOG] SystemI::createSoundInternal             : exinfo->numsubsounds       = 1
[LOG] SystemI::createSoundInternal             : exinfo->inclusionlist      = 0000002B61A5F218
[LOG] SystemI::createSoundInternal             : exinfo->inclusionlistnum   = 1
[LOG] SystemI::createSoundInternal             : exinfo->suggestedsoundtype = 5
[LOG] SystemI::createSoundInternal             : exinfo->useropen           = 00007FFB208C5B90
[LOG] SystemI::createSoundInternal             : exinfo->userclose          = 00007FFB208C5B50
[LOG] SystemI::createSoundInternal             : exinfo->userread           = 00007FFB208C5C70
[LOG] SystemI::createSoundInternal             : exinfo->userseek           = 00007FFB208C5D30
[LOG] SystemI::createSoundInternal             : exinfo->fileuserdata       = 000001A3500051F8
[LOG] SystemI::createSoundInternal             : exinfo->initialseekpostype = 1
[LOG] SystemI::DSPCodecPoolRegister            : register codec pool for pool type 5
[LOG] SystemI::createSoundInternal             : Sample 0/1: name='s1-ladder-sfx_v2', format=5, channels=2, frequency=48000, lengthbytes=15872, lengthpcm=118958, pcmblocksize=0, loopstart=0, loopend=0, mode=0x00000000, channelmask=0x00000000, channelorder=0, peakvolume=0.260639.
[LOG] SystemI::createSound                     : filename = Assets/FMOD/Desktop/Scene 4.bank : mode 02010082
[LOG] SystemI::createSound                     : FMOD_NONBLOCKING specified.  Putting into queue to be opened asynchronously!
[LOG] Thread::initThread                       : Init FMOD nonblocking thread (0). Affinity: 0x4000000000000003, Priority: 0xFFFF7FFC, Stack Size: 114688, Semaphore: Yes, Sleep Time: 0, Looping: Yes.
[LOG] AsyncThread::add                         : add sound to async queue : soundi = 000001A230101E58, queue head = 000001A22FF58C58, queue count = 0
[LOG] AsyncThread::threadFunc                  : Starting Asynchronous operation on sound 000001A230101E58
[LOG] SystemI::createSoundInternal             :     Create name='Assets/FMOD/Desktop/Scene 4.bank', mode=0x02010082
[LOG] SystemI::createSoundInternal             :     exinfo->cbsize             = 224
[LOG] SystemI::createSoundInternal             :     exinfo->length             = 7878208
[LOG] SystemI::createSoundInternal             :     exinfo->fileoffset         = 8352
[LOG] SystemI::createSoundInternal             :     exinfo->numsubsounds       = 1
[LOG] SystemI::createSoundInternal             :     exinfo->inclusionlist      = 000001A2F6149430
[LOG] SystemI::createSoundInternal             :     exinfo->inclusionlistnum   = 1
[LOG] SystemI::createSoundInternal             :     exinfo->suggestedsoundtype = 5
[LOG] SystemI::createSoundInternal             :     exinfo->initialseekpostype = 1
[LOG] SystemI::createSoundInternal             :     Stream 0/1: name='s1-river-sfx', format=5, channels=2, frequency=48000, lengthbytes=842432, lengthpcm=3069175, pcmblocksize=0, loopstart=0, loopend=0, mode=0x00000000, channelmask=0x00000000, channelorder=0, peakvolume=0.797294.
[LOG] Thread::initThread                       :     Init FMOD file thread. Affinity: 0x4000000000000003, Priority: 0xFFFF7FFC, Stack Size: 65536, Semaphore: No, Sleep Time: 10, Looping: Yes.
[LOG] AsyncThread::threadFunc                  : Finished Asynchronous operation on sound 000001A230101E58
[LOG] SystemI::createSoundInternal             : Create name='', mode=0x02000202
[LOG] SystemI::createSoundInternal             : exinfo->cbsize             = 224
[LOG] SystemI::createSoundInternal             : exinfo->length             = 8332224
[LOG] SystemI::createSoundInternal             : exinfo->fileoffset         = 21280
[LOG] SystemI::createSoundInternal             : exinfo->numsubsounds       = 1
[LOG] SystemI::createSoundInternal             : exinfo->inclusionlist      = 0000002B61A5F218
[LOG] SystemI::createSoundInternal             : exinfo->inclusionlistnum   = 1
[LOG] SystemI::createSoundInternal             : exinfo->suggestedsoundtype = 5
[LOG] SystemI::createSoundInternal             : exinfo->useropen           = 00007FFB208C5B90
[LOG] SystemI::createSoundInternal             : exinfo->userclose          = 00007FFB208C5B50
[LOG] SystemI::createSoundInternal             : exinfo->userread           = 00007FFB208C5C70
[LOG] SystemI::createSoundInternal             : exinfo->userseek           = 00007FFB208C5D30
[LOG] SystemI::createSoundInternal             : exinfo->fileuserdata       = 000001A320BC0288
[LOG] SystemI::createSoundInternal             : exinfo->initialseekpostype = 1
[LOG] SystemI::DSPCodecPoolRegister            : register codec pool for pool type 5
[LOG] SystemI::createSoundInternal             : Sample 0/1: name='ambsfx-forestmain_hammer3', format=5, channels=2, frequency=48000, lengthbytes=23392, lengthpcm=105558, pcmblocksize=0, loopstart=0, loopend=0, mode=0x00000000, channelmask=0x00000000, channelorder=0, peakvolume=0.102288.
[LOG] SystemI::createSoundInternal             : Create name='', mode=0x02000202
[LOG] SystemI::createSoundInternal             : exinfo->cbsize             = 224
[LOG] SystemI::createSoundInternal             : exinfo->length             = 8332224
[LOG] SystemI::createSoundInternal             : exinfo->fileoffset         = 21280
[LOG] SystemI::createSoundInternal             : exinfo->numsubsounds       = 1
[LOG] SystemI::createSoundInternal             : exinfo->inclusionlist      = 0000002B61A5F218
[LOG] SystemI::createSoundInternal             : exinfo->inclusionlistnum   = 1
[LOG] SystemI::createSoundInternal             : exinfo->suggestedsoundtype = 5
[LOG] SystemI::createSoundInternal             : exinfo->useropen           = 00007FFB208C5B90
[LOG] SystemI::createSoundInternal             : exinfo->userclose          = 00007FFB208C5B50
[LOG] SystemI::createSoundInternal             : exinfo->userread           = 00007FFB208C5C70
[LOG] SystemI::createSoundInternal             : exinfo->userseek           = 00007FFB208C5D30
[LOG] SystemI::createSoundInternal             : exinfo->fileuserdata       = 000001A320BC0288
[LOG] SystemI::createSoundInternal             : exinfo->initialseekpostype = 1
[LOG] SystemI::DSPCodecPoolRegister            : register codec pool for pool type 5
[LOG] SystemI::createSoundInternal             : Sample 0/1: name='ambsfx-forestmain_hammer2', format=5, channels=2, frequency=48000, lengthbytes=95520, lengthpcm=407019, pcmblocksize=0, loopstart=0, loopend=0, mode=0x00000000, channelmask=0x00000000, channelorder=0, peakvolume=0.104562.
[LOG] SystemI::createSoundInternal             : Create name='', mode=0x02000202
[LOG] SystemI::createSoundInternal             : exinfo->cbsize             = 224
[LOG] SystemI::createSoundInternal             : exinfo->length             = 8332224
[LOG] SystemI::createSoundInternal             : exinfo->fileoffset         = 21280
[LOG] SystemI::createSoundInternal             : exinfo->numsubsounds       = 1
[LOG] SystemI::createSoundInternal             : exinfo->inclusionlist      = 0000002B61A5F218
[LOG] SystemI::createSoundInternal             : exinfo->inclusionlistnum   = 1
[LOG] SystemI::createSoundInternal             : exinfo->suggestedsoundtype = 5
[LOG] SystemI::createSoundInternal             : exinfo->useropen           = 00007FFB208C5B90
[LOG] SystemI::createSoundInternal             : exinfo->userclose          = 00007FFB208C5B50
[LOG] SystemI::createSoundInternal             : exinfo->userread           = 00007FFB208C5C70
[LOG] SystemI::createSoundInternal             : exinfo->userseek           = 00007FFB208C5D30
[LOG] SystemI::createSoundInternal             : exinfo->fileuserdata       = 000001A320BC0288
[LOG] SystemI::createSoundInternal             : exinfo->initialseekpostype = 1
[LOG] SystemI::DSPCodecPoolRegister            : register codec pool for pool type 5
[LOG] SystemI::createSoundInternal             : Sample 0/1: name='ambsfx-forestmain_wind3', format=5, channels=2, frequency=48000, lengthbytes=113216, lengthpcm=425760, pcmblocksize=0, loopstart=0, loopend=0, mode=0x00000000, channelmask=0x00000000, channelorder=0, peakvolume=0.073960.
[LOG] SystemI::createSound                     : filename = Assets/FMOD/Desktop/Scene 1.bank : mode 02010082
[LOG] SystemI::createSound                     : FMOD_NONBLOCKING specified.  Putting into queue to be opened asynchronously!
[LOG] AsyncThread::add                         : add sound to async queue : soundi = 000001A2300FDC88, queue head = 000001A22FF58C58, queue count = 0
[LOG] AsyncThread::threadFunc                  : Starting Asynchronous operation on sound 000001A2300FDC88
[LOG] SystemI::createSoundInternal             :     Create name='Assets/FMOD/Desktop/Scene 1.bank', mode=0x02010082
[LOG] SystemI::createSoundInternal             :     exinfo->cbsize             = 224
[LOG] SystemI::createSoundInternal             :     exinfo->length             = 8332224
[LOG] SystemI::createSoundInternal             :     exinfo->fileoffset         = 21280
[LOG] SystemI::createSoundInternal             :     exinfo->numsubsounds       = 1
[LOG] SystemI::createSoundInternal             :     exinfo->inclusionlist      = 000001A2307FE6E0
[LOG] SystemI::createSoundInternal             :     exinfo->inclusionlistnum   = 1
[LOG] SystemI::createSoundInternal             :     exinfo->suggestedsoundtype = 5
[LOG] SystemI::createSoundInternal             :     exinfo->initialseekpostype = 1
[LOG] SystemI::createSoundInternal             :     Stream 0/1: name='amb-forestmain', format=5, channels=2, frequency=48000, lengthbytes=845024, lengthpcm=3067291, pcmblocksize=0, loopstart=0, loopend=0, mode=0x00000000, channelmask=0x00000000, channelorder=0, peakvolume=0.038529.
[LOG] AsyncThread::threadFunc                  : Finished Asynchronous operation on sound 000001A2300FDC88
[LOG] SystemI::createSoundInternal             : Create name='', mode=0x02000202
[LOG] SystemI::createSoundInternal             : exinfo->cbsize             = 224
[LOG] SystemI::createSoundInternal             : exinfo->length             = 928
[LOG] SystemI::createSoundInternal             : exinfo->fileoffset         = 2400
[LOG] SystemI::createSoundInternal             : exinfo->numsubsounds       = 1
[LOG] SystemI::createSoundInternal             : exinfo->inclusionlist      = 0000002B61A5F218
[LOG] SystemI::createSoundInternal             : exinfo->inclusionlistnum   = 1
[LOG] SystemI::createSoundInternal             : exinfo->suggestedsoundtype = 5
[LOG] SystemI::createSoundInternal             : exinfo->useropen           = 00007FFB208C5B90
[LOG] SystemI::createSoundInternal             : exinfo->userclose          = 00007FFB208C5B50
[LOG] SystemI::createSoundInternal             : exinfo->userread           = 00007FFB208C5C70
[LOG] SystemI::createSoundInternal             : exinfo->userseek           = 00007FFB208C5D30
[LOG] SystemI::createSoundInternal             : exinfo->fileuserdata       = 000001A320BBF418
[LOG] SystemI::createSoundInternal             : exinfo->initialseekpostype = 1
[LOG] SystemI::DSPCodecPoolRegister            : register codec pool for pool type 5
[LOG] SystemI::createSoundInternal             : Sample 0/1: name='sfx-ui_dialogue', format=5, channels=2, frequency=48000, lengthbytes=800, lengthpcm=5500, pcmblocksize=0, loopstart=0, loopend=0, mode=0x00000000, channelmask=0x00000000, channelorder=0, peakvolume=0.988514.
[LOG] SystemI::createSound                     : filename = Assets/FMOD/Desktop/Scene 1.bank : mode 02010082
[LOG] SystemI::createSound                     : FMOD_NONBLOCKING specified.  Putting into queue to be opened asynchronously!
[LOG] AsyncThread::add                         : add sound to async queue : soundi = 000001A2301037A8, queue head = 000001A22FF58C58, queue count = 0
[LOG] AsyncThread::threadFunc                  : Starting Asynchronous operation on sound 000001A2301037A8
[LOG] SystemI::createSoundInternal             :     Create name='Assets/FMOD/Desktop/Scene 1.bank', mode=0x02010082
[LOG] SystemI::createSound                     :     filename = Assets/FMOD/Desktop/Scene 1.bank : mode 02010082
[LOG] SystemI::createSoundInternal             :     exinfo->cbsize             = 224
[LOG] SystemI::createSound                     :     FMOD_NONBLOCKING specified.  Putting into queue to be opened asynchronously!
[LOG] SystemI::createSoundInternal             :     exinfo->length             = 8332224
[LOG] AsyncThread::add                         :     add sound to async queue : soundi = 000001A2300FEBB8, queue head = 000001A22FF58C58, queue count = 0
[LOG] SystemI::createSoundInternal             :     exinfo->fileoffset         = 21280
[LOG] SystemI::createSoundInternal             :     exinfo->numsubsounds       = 1
[LOG] SystemI::createSoundInternal             :     exinfo->inclusionlist      = 000001A237CE8A20
[LOG] SystemI::createSoundInternal             :     exinfo->inclusionlistnum   = 1
[LOG] SystemI::createSoundInternal             :     exinfo->suggestedsoundtype = 5
[LOG] SystemI::createSoundInternal             :     exinfo->initialseekpostype = 1
[LOG] SystemI::createSoundInternal             :     Stream 0/1: name='ambsfx-forestmain_hammer1', format=5, channels=2, frequency=48000, lengthbytes=92960, lengthpcm=489862, pcmblocksize=0, loopstart=0, loopend=0, mode=0x00000000, channelmask=0x00000000, channelorder=0, peakvolume=0.105363.
[LOG] AsyncThread::threadFunc                  : Finished Asynchronous operation on sound 000001A2301037A8
[LOG] AsyncThread::threadFunc                  : Starting Asynchronous operation on sound 000001A2300FEBB8
[LOG] SystemI::createSoundInternal             :     Create name='Assets/FMOD/Desktop/Scene 1.bank', mode=0x02010082
[LOG] SystemI::createSoundInternal             :     exinfo->cbsize             = 224
[LOG] SystemI::createSoundInternal             :     exinfo->length             = 8332224
[LOG] SystemI::createSoundInternal             :     exinfo->fileoffset         = 21280
[LOG] SystemI::createSoundInternal             :     exinfo->numsubsounds       = 1
[LOG] SystemI::createSoundInternal             :     exinfo->inclusionlist      = 000001A237CE8160
[LOG] SystemI::createSoundInternal             :     exinfo->inclusionlistnum   = 1
[LOG] SystemI::createSoundInternal             :     exinfo->suggestedsoundtype = 5
[LOG] SystemI::createSoundInternal             :     exinfo->initialseekpostype = 1
[LOG] SystemI::createSoundInternal             :     Stream 0/1: name='ambsfx-forestmain_wind2', format=5, channels=2, frequency=48000, lengthbytes=142752, lengthpcm=521891, pcmblocksize=0, loopstart=0, loopend=0, mode=0x00000000, channelmask=0x00000000, channelorder=0, peakvolume=0.186406.
[LOG] AsyncThread::threadFunc                  : Finished Asynchronous operation on sound 000001A2300FEBB8
[LOG] SystemI::mixerSuspend                    : Suspending output.
[LOG] SystemI::mixerResume                     : Resuming output.
[LOG] AsyncThread::add                         : add sound to async queue : soundi = 000001A2300FFFF8, queue head = 000001A22FF58C58, queue count = 0
[LOG] AsyncThread::add                         : add sound to async queue : soundi = 000001A2300FEA08, queue head = 000001A22FF58C58, queue count = 1
[LOG] AsyncThread::add                         : add sound to async queue : soundi = 000001A230102D88, queue head = 000001A22FF58C58, queue count = 2
[LOG] AsyncThread::threadFunc                  : Starting Asynchronous operation on sound 000001A2300FFFF8
[LOG] AsyncThread::threadFunc                  : Finished Asynchronous operation on sound 000001A2300FFFF8
[LOG] AsyncThread::threadFunc                  : Starting Asynchronous operation on sound 000001A2300FEA08
[LOG] AsyncThread::threadFunc                  : Finished Asynchronous operation on sound 000001A2300FEA08
[LOG] AsyncThread::threadFunc                  : Starting Asynchronous operation on sound 000001A230102D88
[LOG] AsyncThread::threadFunc                  : Finished Asynchronous operation on sound 000001A230102D88
[LOG] AsyncThread::add                         : add sound to async queue : soundi = 000001A2300FF278, queue head = 000001A22FF58C58, queue count = 0
[LOG] AsyncThread::threadFunc                  : Starting Asynchronous operation on sound 000001A2300FF278
[LOG] AsyncThread::threadFunc                  : Finished Asynchronous operation on sound 000001A2300FF278
[LOG] SoundI::release                          : ambsfx-forestmain_hammer1 (000001A2301037A8)
[LOG] SoundI::release                          :     ambsfx-forestmain_hammer1 (000001A238BD2928)
[LOG] SoundI::release                          :     ambsfx-forestmain_hammer1 (000001A2300FEA08)
[LOG] SoundI::release                          : ambsfx-forestmain_wind2 (000001A2300FEBB8)
[LOG] SoundI::release                          :     ambsfx-forestmain_wind2 (000001A238BD18E8)
[LOG] SoundI::release                          :     ambsfx-forestmain_wind2 (000001A2300FFFF8)
[LOG] AsyncThread::add                         : add sound to async queue : soundi = 000001A2300FF278, queue head = 000001A22FF58C58, queue count = 0
[LOG] AsyncThread::threadFunc                  : Starting Asynchronous operation on sound 000001A2300FF278
[LOG] AsyncThread::threadFunc                  : Finished Asynchronous operation on sound 000001A2300FF278
[LOG] SystemI::mixerSuspend                    : Suspending output.
[LOG] SystemI::mixerResume                     : Resuming output.
[LOG] AsyncThread::add                         : add sound to async queue : soundi = 000001A230102D88, queue head = 000001A22FF58C58, queue count = 0
[LOG] AsyncThread::threadFunc                  : Starting Asynchronous operation on sound 000001A230102D88
[LOG] AsyncThread::threadFunc                  : Finished Asynchronous operation on sound 000001A230102D88
[LOG] AsyncThread::add                         : add sound to async queue : soundi = 000001A2300FF278, queue head = 000001A22FF58C58, queue count = 0
[LOG] AsyncThread::threadFunc                  : Starting Asynchronous operation on sound 000001A2300FF278
[LOG] AsyncThread::threadFunc                  : Finished Asynchronous operation on sound 000001A2300FF278
[LOG] AsyncThread::add                         : add sound to async queue : soundi = 000001A2300FF278, queue head = 000001A22FF58C58, queue count = 0
[LOG] AsyncThread::threadFunc                  : Starting Asynchronous operation on sound 000001A2300FF278
[LOG] AsyncThread::threadFunc                  : Finished Asynchronous operation on sound 000001A2300FF278
[LOG] SystemI::createSound                     : filename = Assets/FMOD/Desktop/Scene 1.bank : mode 02010082
[LOG] SystemI::createSound                     : FMOD_NONBLOCKING specified.  Putting into queue to be opened asynchronously!
[LOG] AsyncThread::add                         : add sound to async queue : soundi = 000001A2300FF428, queue head = 000001A22FF58C58, queue count = 0
[LOG] AsyncThread::threadFunc                  : Starting Asynchronous operation on sound 000001A2300FF428
[LOG] SystemI::createSoundInternal             :     Create name='Assets/FMOD/Desktop/Scene 1.bank', mode=0x02010082
[LOG] SystemI::createSoundInternal             :     exinfo->cbsize             = 224
[LOG] SystemI::createSoundInternal             :     exinfo->length             = 8332224
[LOG] SystemI::createSoundInternal             :     exinfo->fileoffset         = 21280
[LOG] SystemI::createSoundInternal             :     exinfo->numsubsounds       = 1
[LOG] SystemI::createSoundInternal             :     exinfo->inclusionlist      = 000001A2F61497F0
[LOG] SystemI::createSoundInternal             :     exinfo->inclusionlistnum   = 1
[LOG] SystemI::createSoundInternal             :     exinfo->suggestedsoundtype = 5
[LOG] SystemI::createSoundInternal             :     exinfo->initialseekpostype = 1
[LOG] SystemI::createSoundInternal             :     Stream 0/1: name='ambsfx-forestmain_wind4', format=5, channels=2, frequency=48000, lengthbytes=228416, lengthpcm=849600, pcmblocksize=0, loopstart=0, loopend=0, mode=0x00000000, channelmask=0x00000000, channelorder=0, peakvolume=0.130404.
[LOG] AsyncThread::threadFunc                  : Finished Asynchronous operation on sound 000001A2300FF428
[LOG] AsyncThread::add                         : add sound to async queue : soundi = 000001A2300FF278, queue head = 000001A22FF58C58, queue count = 0
[LOG] AsyncThread::threadFunc                  : Starting Asynchronous operation on sound 000001A2300FF278
[LOG] AsyncThread::threadFunc                  : Finished Asynchronous operation on sound 000001A2300FF278
[LOG] SystemI::createSound                     : filename = Assets/FMOD/Desktop/Scene 1.bank : mode 02010082
[LOG] SystemI::createSound                     : FMOD_NONBLOCKING specified.  Putting into queue to be opened asynchronously!
[LOG] AsyncThread::add                         : add sound to async queue : soundi = 000001A2301015E8, queue head = 000001A22FF58C58, queue count = 0
[LOG] AsyncThread::threadFunc                  : Starting Asynchronous operation on sound 000001A2301015E8
[LOG] SystemI::createSoundInternal             :     Create name='Assets/FMOD/Desktop/Scene 1.bank', mode=0x02010082
[LOG] SystemI::createSoundInternal             :     exinfo->cbsize             = 224
[LOG] SystemI::createSoundInternal             :     exinfo->length             = 8332224
[LOG] SystemI::createSoundInternal             :     exinfo->fileoffset         = 21280
[LOG] SystemI::createSoundInternal             :     exinfo->numsubsounds       = 1
[LOG] SystemI::createSoundInternal             :     exinfo->inclusionlist      = 000001A2F59C3820
[LOG] SystemI::createSoundInternal             :     exinfo->inclusionlistnum   = 1
[LOG] SystemI::createSoundInternal             :     exinfo->suggestedsoundtype = 5
[LOG] SystemI::createSoundInternal             :     exinfo->initialseekpostype = 1
[LOG] SystemI::createSoundInternal             :     Stream 0/1: name='ambsfx-forestmain_hammer1', format=5, channels=2, frequency=48000, lengthbytes=92960, lengthpcm=489862, pcmblocksize=0, loopstart=0, loopend=0, mode=0x00000000, channelmask=0x00000000, channelorder=0, peakvolume=0.105363.
[LOG] AsyncThread::threadFunc                  : Finished Asynchronous operation on sound 000001A2301015E8
[LOG] SoundI::release                          : ambsfx-forestmain_wind4 (000001A2300FF428)
[LOG] SoundI::release                          :     ambsfx-forestmain_wind4 (000001A354900FC8)
[LOG] SoundI::release                          :     ambsfx-forestmain_wind4 (000001A2300FDE38)
[LOG] SoundI::release                          : ambsfx-forestmain_hammer1 (000001A2301015E8)
[LOG] SoundI::release                          :     ambsfx-forestmain_hammer1 (000001A354900E28)
[LOG] SoundI::release                          :     ambsfx-forestmain_hammer1 (000001A230103448)
[LOG] SoundI::release                          : amb-forestmain (000001A2300FDC88)
[LOG] SoundI::release                          :     amb-forestmain (000001A2F62A0AC8)
[LOG] SoundI::release                          :     amb-forestmain (000001A230102D88)
[LOG] SoundI::release                          : s1-river-sfx (000001A230101E58)
[LOG] SoundI::release                          :     s1-river-sfx (000001A22DE40088)
[LOG] SoundI::release                          :     s1-river-sfx (000001A2300FF278)
[LOG] SoundI::release                          :  (000001A2F5E7C728)
[LOG] SoundI::release                          :     s1-ladder-sfx_v2 (000001A3209028B8)
[LOG] SoundI::release                          :  (000001A2F5E7BD18)
[LOG] SoundI::release                          :     ambsfx-forestmain_hammer2 (000001A237E36AC8)
[LOG] SoundI::release                          :  (000001A2F5E7DF98)
[LOG] SoundI::release                          :     ambsfx-forestmain_hammer3 (000001A237E355A8)
[LOG] SoundI::release                          :  (000001A2F5E7ABD8)
[LOG] SoundI::release                          :     ambsfx-forestmain_wind3 (000001A237E358E8)
[LOG] SoundI::release                          :  (000001A2F5E7C168)
[LOG] SoundI::release                          :     sfx-ui_dialogue (000001A237E36C68)
[LOG] Thread::callback                         : FMOD Studio update thread finished.
[LOG] Thread::callback                         : FMOD Studio bank load thread finished.
[LOG] Profile::disconnectAll                   : Profiler disconnecting all clients
[LOG] Thread::callback                         : FMOD Studio sample load thread finished.
[LOG] LiveUpdate::release                      : 
[LOG] LiveUpdate::reset                        : Reset connection (reason Disconnected)
[LOG] Thread::callback                         : FMOD stream thread finished.
[LOG] Thread::callback                         : FMOD mixer thread finished.
[LOG] Profile::disconnectAll                   : Profiler disconnecting all clients
[LOG] SystemI::close                           : Closed.
[LOG] Thread::callback                         : FMOD Studio bank load thread finished.
[LOG] Thread::callback                         : FMOD Studio sample load thread finished.
[LOG] LiveUpdate::release                      : 
[LOG] LiveUpdate::reset                        : Reset connection (reason Disconnected)
[LOG] Thread::callback                         : FMOD stream thread finished.
[LOG] Thread::callback                         : FMOD mixer thread finished.
[LOG] SystemI::close                           : Closed.
